<?xml version="1.0" encoding="utf-8"?><testsuites name="pytest tests"><testsuite name="pytest" errors="0" failures="0" skipped="0" tests="29" time="5.112" timestamp="2026-05-01T10:41:17.111116+00:00" hostname="agent-env-8b53ec8e-279f-4fe6-b16a-a34635e857bb"><testcase classname="backend.tests.backend_test.TestAuth" name="test_me" time="0.393" /><testcase classname="backend.tests.backend_test.TestAuth" name="test_login_invalid" time="0.329" /><testcase classname="backend.tests.backend_test.TestAuth" name="test_me_unauth" time="0.115" /><testcase classname="backend.tests.backend_test.TestEmployees" name="test_create_employee" time="0.051" /><testcase classname="backend.tests.backend_test.TestEmployees" name="test_list_filters" time="0.088" /><testcase classname="backend.tests.backend_test.TestEmployees" name="test_update_employee" time="0.090" /><testcase classname="backend.tests.backend_test.TestEmployees" name="test_toggle_status" time="0.261" /><testcase classname="backend.tests.backend_test.TestLeaves" name="test_get_month" time="0.046" /><testcase classname="backend.tests.backend_test.TestLeaves" name="test_save_leaves_upsert" time="0.217" /><testcase classname="backend.tests.backend_test.TestLeaves" name="test_invalid_month" time="0.044" /><testcase classname="backend.tests.backend_test.TestAdvances" name="test_post_and_get_date" time="0.091" /><testcase classname="backend.tests.backend_test.TestAdvances" name="test_zero_deletes" time="0.180" /><testcase classname="backend.tests.backend_test.TestAdvances" name="test_month_list_has_name" time="0.045" /><testcase classname="backend.tests.backend_test.TestSalary" name="test_salary_computation" time="0.227" /><testcase classname="backend.tests.backend_test.TestDashboard" name="test_stats" time="0.045" /><testcase classname="backend.tests.backend_test.TestCascadeDelete" name="test_delete_cascades_leaves_and_advances" time="0.562" /><testcase classname="backend.tests.backend_test.TestEmploymentType" name="test_default_regular" time="0.042" /><testcase classname="backend.tests.backend_test.TestEmploymentType" name="test_create_contract_persists" time="0.141" /><testcase classname="backend.tests.backend_test.TestEmploymentType" name="test_update_toggles_type" time="0.131" /><testcase classname="backend.tests.backend_test.TestSalaryArithmetic" name="test_regular_3_leaves_charges_one" time="0.147" /><testcase classname="backend.tests.backend_test.TestSalaryArithmetic" name="test_regular_2_leaves_no_charge" time="0.230" /><testcase classname="backend.tests.backend_test.TestSalaryArithmetic" name="test_regular_0_leaves_no_charge" time="0.109" /><testcase classname="backend.tests.backend_test.TestSalaryArithmetic" name="test_contract_3_leaves_charges_all" time="0.151" /><testcase classname="backend.tests.backend_test.TestSalaryArithmetic" name="test_previous_month_due_negative_carryover" time="0.195" /><testcase classname="backend.tests.backend_test.TestSalaryArithmetic" name="test_previous_month_positive_does_not_carry" time="0.108" /><testcase classname="backend.tests.backend_test.TestSalaryBreakup" name="test_breakup_full_structure" time="0.220" /><testcase classname="backend.tests.backend_test.TestSalaryBreakup" name="test_breakup_unknown_employee" time="0.048" /><testcase classname="backend.tests.backend_test.TestSalaryBreakup" name="test_breakup_invalid_month" time="0.087" /><testcase classname="backend.tests.backend_test.TestZZCleanup" name="test_delete_employees" time="0.600" /></testsuite></testsuites>